<?xml version="1.0" encoding="UTF-8" ?>
<testsuite tests="1" failures="1" name="tests.InformacoesUsuarioPageObjectsTest" time="0.017" errors="0" skipped="0">
  <properties>
[...]
</properties>
  <testcase classname="tests.InformacoesUsuarioPageObjectsTest" name="initializationError" time="0.017">
    <failure message="Could not load the resource with path InformacoesUsuarioPageObjectsTest.csv as either a Classpath, FileSystem or a URL resource. Please check the path and try again" type="java.lang.AssertionError">java.lang.AssertionError: Could not load the resource with path InformacoesUsuarioPageObjectsTest.csv as either a Classpath, FileSystem or a URL resource. Please check the path and try again
	at org.junit.Assert.fail(Assert.java:88)
	at org.easetech.easytest.io.ResourceLoaderStrategy.getResource(ResourceLoaderStrategy.java:115)
	at org.easetech.easytest.loader.DataLoaderUtil.loadData(DataLoaderUtil.java:250)
	at org.easetech.easytest.runner.RunnerUtil.loadClassLevelData(RunnerUtil.java:76)
	at org.easetech.easytest.runner.DataDrivenTestRunner.&lt;init&gt;(DataDrivenTestRunner.java:119)
	at sun.reflect.NativeConstructorAccessorImpl.newInstance0(Native Method)
	at sun.reflect.NativeConstructorAccessorImpl.newInstance(NativeConstructorAccessorImpl.java:62)
	at sun.reflect.DelegatingConstructorAccessorImpl.newInstance(DelegatingConstructorAccessorImpl.java:45)
	at java.lang.reflect.Constructor.newInstance(Constructor.java:423)
	at org.junit.internal.builders.AnnotatedBuilder.buildRunner(AnnotatedBuilder.java:29)
	at org.junit.internal.builders.AnnotatedBuilder.runnerForClass(AnnotatedBuilder.java:21)
	at org.junit.runners.model.RunnerBuilder.safeRunnerForClass(RunnerBuilder.java:59)
	at org.junit.internal.builders.AllDefaultPossibilitiesBuilder.runnerForClass(AllDefaultPossibilitiesBuilder.java:26)
	at org.junit.runners.model.RunnerBuilder.safeRunnerForClass(RunnerBuilder.java:59)
	at org.junit.internal.requests.ClassRequest.getRunner(ClassRequest.java:26)
	at org.apache.maven.surefire.junit4.JUnit4Provider.execute(JUnit4Provider.java:250)
	at org.apache.maven.surefire.junit4.JUnit4Provider.executeTestSet(JUnit4Provider.java:141)
	at org.apache.maven.surefire.junit4.JUnit4Provider.invoke(JUnit4Provider.java:112)
	at sun.reflect.NativeMethodAccessorImpl.invoke0(Native Method)
	at sun.reflect.NativeMethodAccessorImpl.invoke(NativeMethodAccessorImpl.java:62)
	at sun.reflect.DelegatingMethodAccessorImpl.invoke(DelegatingMethodAccessorImpl.java:43)
	at java.lang.reflect.Method.invoke(Method.java:498)
	at org.apache.maven.surefire.util.ReflectionUtils.invokeMethodWithArray(ReflectionUtils.java:189)
	at org.apache.maven.surefire.booter.ProviderFactory$ProviderProxy.invoke(ProviderFactory.java:165)
	at org.apache.maven.surefire.booter.ProviderFactory.invokeProvider(ProviderFactory.java:85)
	at org.apache.maven.surefire.booter.ForkedBooter.runSuitesInProcess(ForkedBooter.java:115)
	at org.apache.maven.surefire.booter.ForkedBooter.main(ForkedBooter.java:75)
</failure>
    <system-err>log4j:WARN No appenders could be found for logger (org.easetech.easytest.io.ResourceLoaderStrategy).
log4j:WARN Please initialize the log4j system properly.
</system-err>
  </testcase>
</testsuite>